Info: Generated by version: 18.1 build 222
Info: Starting: Create simulation model
Info: qsys-generate /home/gtd/workspace/qts_prj/qr_code/QRcode73/ip/fifo1.ip --simulation=VERILOG --allow-mixed-language-simulation --output-directory=/home/gtd/workspace/qts_prj/qr_code/QRcode73/ip/fifo1 --family="Arria 10" --part=10AX066K3F40E2SG
: fifo1.fifo_0: Targeting device family: Arria 10.
: fifo1.fifo_0: Tab: 'DCFIFO 1' is unavailable while using Single-Clock FIFO.
: fifo1.fifo_0: Tab: 'DCFIFO 2' is unavailable while using Single-Clock FIFO.
Info: fifo1: "Transforming system: fifo1"
Info: fifo1: "Naming system components in system: fifo1"
Info: fifo1: "Processing generation queue"
Info: fifo1: "Generating: fifo1"
Info: fifo1: "Generating: fifo1_fifo_181_ohbjxzi"
Info: fifo1: Done "fifo1" with 2 modules, 2 files
Info: Generating the following file(s) for MODELSIM simulator in /home/gtd/workspace/qts_prj/qr_code/QRcode73/ip/fifo1/sim/ directory:
Info: 	common/modelsim_files.tcl
Info: Generating the following file(s) for VCSMX simulator in /home/gtd/workspace/qts_prj/qr_code/QRcode73/ip/fifo1/sim/ directory:
Info: 	common/vcsmx_files.tcl
Info: Generating the following file(s) for VCS simulator in /home/gtd/workspace/qts_prj/qr_code/QRcode73/ip/fifo1/sim/ directory:
Info: 	common/vcs_files.tcl
Info: Generating the following file(s) for RIVIERA simulator in /home/gtd/workspace/qts_prj/qr_code/QRcode73/ip/fifo1/sim/ directory:
Info: 	common/riviera_files.tcl
Info: Generating the following file(s) for NCSIM simulator in /home/gtd/workspace/qts_prj/qr_code/QRcode73/ip/fifo1/sim/ directory:
Info: 	common/ncsim_files.tcl
Info: Generating the following file(s) for XCELIUM simulator in /home/gtd/workspace/qts_prj/qr_code/QRcode73/ip/fifo1/sim/ directory:
Info: 	common/xcelium_files.tcl
Info: For information on how to simulate your IP, see the explanatory comments in the simulator-specific subdirectories under /home/gtd/workspace/qts_prj/qr_code/QRcode73/ip/fifo1/sim/.
Info: Regenerate these scripts whenever you make any change to any Quartus-generated IP in your project.
Info: qsys-generate succeeded.
Info: Finished: Create simulation model
Info: Starting: Create Modelsim Project.
Info: sim-script-gen --system-file=/home/gtd/workspace/qts_prj/qr_code/QRcode73/ip/fifo1.ip --output-directory=/home/gtd/workspace/qts_prj/qr_code/QRcode73/ip/fifo1/sim/ --use-relative-paths=true
Info: Generating the following file(s) for MODELSIM simulator in /home/gtd/workspace/qts_prj/qr_code/QRcode73/ip/fifo1/sim/ directory:
Info: 	mentor/msim_setup.tcl
Info: Generating the following file(s) for VCSMX simulator in /home/gtd/workspace/qts_prj/qr_code/QRcode73/ip/fifo1/sim/ directory:
Info: 	synopsys/vcsmx/synopsys_sim.setup
Info: 	synopsys/vcsmx/vcsmx_setup.sh
Info: Generating the following file(s) for VCS simulator in /home/gtd/workspace/qts_prj/qr_code/QRcode73/ip/fifo1/sim/ directory:
Info: 	synopsys/vcs/vcs_setup.sh
Info: Generating the following file(s) for RIVIERA simulator in /home/gtd/workspace/qts_prj/qr_code/QRcode73/ip/fifo1/sim/ directory:
Info: 	aldec/rivierapro_setup.tcl
Info: Generating the following file(s) for NCSIM simulator in /home/gtd/workspace/qts_prj/qr_code/QRcode73/ip/fifo1/sim/ directory:
Info: 	cadence/cds.lib
Info: 	cadence/hdl.var
Info: 	cadence/ncsim_setup.sh
Info: 	2 .cds.lib files in cadence/cds_libs/ directory
Info: Generating the following file(s) for XCELIUM simulator in /home/gtd/workspace/qts_prj/qr_code/QRcode73/ip/fifo1/sim/ directory:
Info: 	xcelium/cds.lib
Info: 	xcelium/hdl.var
Info: 	xcelium/xcelium_setup.sh
Info: 	2 .cds.lib files in xcelium/cds_libs/ directory
Info: For information on how to simulate your IP, see the explanatory comments in the simulator-specific subdirectories under /home/gtd/workspace/qts_prj/qr_code/QRcode73/ip/fifo1/sim/.
Info: Regenerate these scripts whenever you make any change to any Quartus-generated IP in your project.
Info: Finished: Create Modelsim Project.
Info: Starting: Create block symbol file (.bsf)
Info: qsys-generate /home/gtd/workspace/qts_prj/qr_code/QRcode73/ip/fifo1.ip --block-symbol-file --output-directory=/home/gtd/workspace/qts_prj/qr_code/QRcode73/ip/fifo1 --family="Arria 10" --part=10AX066K3F40E2SG
: fifo1.fifo_0: Targeting device family: Arria 10.
: fifo1.fifo_0: Tab: 'DCFIFO 1' is unavailable while using Single-Clock FIFO.
: fifo1.fifo_0: Tab: 'DCFIFO 2' is unavailable while using Single-Clock FIFO.
Info: qsys-generate succeeded.
Info: Finished: Create block symbol file (.bsf)
Info: 
Info: Starting: Create HDL design files for synthesis
Info: qsys-generate /home/gtd/workspace/qts_prj/qr_code/QRcode73/ip/fifo1.ip --synthesis=VERILOG --output-directory=/home/gtd/workspace/qts_prj/qr_code/QRcode73/ip/fifo1 --family="Arria 10" --part=10AX066K3F40E2SG
: fifo1.fifo_0: Targeting device family: Arria 10.
: fifo1.fifo_0: Tab: 'DCFIFO 1' is unavailable while using Single-Clock FIFO.
: fifo1.fifo_0: Tab: 'DCFIFO 2' is unavailable while using Single-Clock FIFO.
Info: fifo1: "Transforming system: fifo1"
Info: fifo1: "Naming system components in system: fifo1"
Info: fifo1: "Processing generation queue"
Info: fifo1: "Generating: fifo1"
Info: fifo1: "Generating: fifo1_fifo_181_ohbjxzi"
Info: fifo1: Done "fifo1" with 2 modules, 2 files
Info: qsys-generate succeeded.
Info: Finished: Create HDL design files for synthesis
Info: Starting: Generate IP Core Documentation
Info: No documentation filesets were found for components in fifo1. No files generated.
Info: Finished: Generate IP Core Documentation
